<?xml version="1.0" encoding="UTF-8"?>
<coverage generated="1744263690694" clover="3.2.0">
  <project timestamp="1744263690695" name="All files">
    <metrics statements="20" coveredstatements="20" conditionals="3" coveredconditionals="3" methods="6" coveredmethods="6" elements="29" coveredelements="29" complexity="0" loc="20" ncloc="20" packages="1" files="3" classes="3"/>
    <file name="create-transaction.usecase.ts" path="C:\Users\USUARIO\OneDrive\Desktop\CURSOS_PROGRAMACION\wompi-test\backend\src\app\usecases\create-transaction.usecase.ts">
      <metrics statements="9" coveredstatements="9" conditionals="2" coveredconditionals="2" methods="2" coveredmethods="2"/>
      <line num="1" count="3" type="stmt"/>
      <line num="2" count="3" type="stmt"/>
      <line num="11" count="5" type="stmt"/>
      <line num="12" count="5" type="stmt"/>
      <line num="14" count="5" type="stmt"/>
      <line num="15" count="5" type="cond" truecount="1" falsecount="0"/>
      <line num="16" count="4" type="cond" truecount="1" falsecount="0"/>
      <line num="18" count="3" type="stmt"/>
      <line num="28" count="3" type="stmt"/>
    </file>
    <file name="get-products.usecase.ts" path="C:\Users\USUARIO\OneDrive\Desktop\CURSOS_PROGRAMACION\wompi-test\backend\src\app\usecases\get-products.usecase.ts">
      <metrics statements="4" coveredstatements="4" conditionals="0" coveredconditionals="0" methods="2" coveredmethods="2"/>
      <line num="1" count="1" type="stmt"/>
      <line num="2" count="1" type="stmt"/>
      <line num="4" count="1" type="stmt"/>
      <line num="5" count="1" type="stmt"/>
    </file>
    <file name="update-transaction.usecase.ts" path="C:\Users\USUARIO\OneDrive\Desktop\CURSOS_PROGRAMACION\wompi-test\backend\src\app\usecases\update-transaction.usecase.ts">
      <metrics statements="7" coveredstatements="7" conditionals="1" coveredconditionals="1" methods="2" coveredmethods="2"/>
      <line num="1" count="1" type="stmt"/>
      <line num="2" count="1" type="stmt"/>
      <line num="4" count="2" type="stmt"/>
      <line num="5" count="2" type="stmt"/>
      <line num="13" count="1" type="cond" truecount="1" falsecount="0"/>
      <line num="14" count="1" type="stmt"/>
      <line num="22" count="1" type="stmt"/>
    </file>
  </project>
</coverage>
