{"C:\\Users\\USUARIO\\OneDrive\\Desktop\\CURSOS_PROGRAMACION\\wompi-test\\backend\\src\\app\\usecases\\create-transaction.usecase.ts": {"path":"C:\\Users\\USUARIO\\OneDrive\\Desktop\\CURSOS_PROGRAMACION\\wompi-test\\backend\\src\\app\\usecases\\create-transaction.usecase.ts","statementMap":{"0":{"start":{"line":1,"column":0},"end":{"line":1,"column":46}},"1":{"start":{"line":2,"column":15},"end":{"line":2,"column":33}},"2":{"start":{"line":11,"column":40},"end":{"line":29,"column":null}},"3":{"start":{"line":11,"column":76},"end":{"line":29,"column":null}},"4":{"start":{"line":12,"column":63},"end":{"line":12,"column":67}},"5":{"start":{"line":14,"column":20},"end":{"line":14,"column":81}},"6":{"start":{"line":15,"column":4},"end":{"line":15,"column":null}},"7":{"start":{"line":15,"column":17},"end":{"line":15,"column":null}},"8":{"start":{"line":16,"column":4},"end":{"line":16,"column":null}},"9":{"start":{"line":16,"column":27},"end":{"line":16,"column":null}},"10":{"start":{"line":18,"column":24},"end":{"line":26,"column":6}},"11":{"start":{"line":28,"column":4},"end":{"line":28,"column":null}},"12":{"start":{"line":11,"column":13},"end":{"line":11,"column":40}}},"fnMap":{"0":{"name":"(anonymous_7)","decl":{"start":{"line":11,"column":40},"end":{"line":11,"column":46}},"loc":{"start":{"line":11,"column":76},"end":{"line":29,"column":null}}},"1":{"name":"(anonymous_8)","decl":{"start":{"line":11,"column":76},"end":{"line":11,"column":null}},"loc":{"start":{"line":11,"column":76},"end":{"line":29,"column":1}}}},"branchMap":{"0":{"loc":{"start":{"line":15,"column":4},"end":{"line":15,"column":null}},"type":"if","locations":[{"start":{"line":15,"column":4},"end":{"line":15,"column":null}}]},"1":{"loc":{"start":{"line":16,"column":4},"end":{"line":16,"column":null}},"type":"if","locations":[{"start":{"line":16,"column":4},"end":{"line":16,"column":null}}]}},"s":{"0":3,"1":3,"2":3,"3":5,"4":5,"5":5,"6":5,"7":1,"8":4,"9":1,"10":3,"11":3,"12":3},"f":{"0":5,"1":5},"b":{"0":[1],"1":[1]}}
,"C:\\Users\\USUARIO\\OneDrive\\Desktop\\CURSOS_PROGRAMACION\\wompi-test\\backend\\src\\app\\usecases\\get-products.usecase.ts": {"path":"C:\\Users\\USUARIO\\OneDrive\\Desktop\\CURSOS_PROGRAMACION\\wompi-test\\backend\\src\\app\\usecases\\get-products.usecase.ts","statementMap":{"0":{"start":{"line":1,"column":0},"end":{"line":1,"column":46}},"1":{"start":{"line":2,"column":15},"end":{"line":2,"column":33}},"2":{"start":{"line":4,"column":34},"end":{"line":6,"column":2}},"3":{"start":{"line":4,"column":45},"end":{"line":6,"column":2}},"4":{"start":{"line":5,"column":4},"end":{"line":5,"column":43}},"5":{"start":{"line":4,"column":13},"end":{"line":4,"column":34}}},"fnMap":{"0":{"name":"(anonymous_7)","decl":{"start":{"line":4,"column":34},"end":{"line":4,"column":43}},"loc":{"start":{"line":4,"column":45},"end":{"line":6,"column":2}}},"1":{"name":"(anonymous_8)","decl":{"start":{"line":4,"column":45},"end":{"line":4,"column":null}},"loc":{"start":{"line":4,"column":45},"end":{"line":6,"column":1}}}},"branchMap":{},"s":{"0":1,"1":1,"2":1,"3":1,"4":1,"5":1},"f":{"0":1,"1":1},"b":{}}
,"C:\\Users\\USUARIO\\OneDrive\\Desktop\\CURSOS_PROGRAMACION\\wompi-test\\backend\\src\\app\\usecases\\update-transaction.usecase.ts": {"path":"C:\\Users\\USUARIO\\OneDrive\\Desktop\\CURSOS_PROGRAMACION\\wompi-test\\backend\\src\\app\\usecases\\update-transaction.usecase.ts","statementMap":{"0":{"start":{"line":1,"column":0},"end":{"line":1,"column":46}},"1":{"start":{"line":2,"column":15},"end":{"line":2,"column":33}},"2":{"start":{"line":4,"column":40},"end":{"line":23,"column":2}},"3":{"start":{"line":4,"column":104},"end":{"line":23,"column":2}},"4":{"start":{"line":5,"column":24},"end":{"line":11,"column":6}},"5":{"start":{"line":13,"column":4},"end":{"line":20,"column":5}},"6":{"start":{"line":14,"column":8},"end":{"line":19,"column":11}},"7":{"start":{"line":22,"column":4},"end":{"line":22,"column":23}},"8":{"start":{"line":4,"column":13},"end":{"line":4,"column":40}}},"fnMap":{"0":{"name":"(anonymous_7)","decl":{"start":{"line":4,"column":40},"end":{"line":4,"column":47}},"loc":{"start":{"line":4,"column":104},"end":{"line":23,"column":2}}},"1":{"name":"(anonymous_8)","decl":{"start":{"line":4,"column":104},"end":{"line":4,"column":null}},"loc":{"start":{"line":4,"column":104},"end":{"line":23,"column":1}}}},"branchMap":{"0":{"loc":{"start":{"line":13,"column":4},"end":{"line":20,"column":5}},"type":"if","locations":[{"start":{"line":13,"column":4},"end":{"line":20,"column":5}}]}},"s":{"0":1,"1":1,"2":1,"3":2,"4":2,"5":1,"6":1,"7":1,"8":1},"f":{"0":2,"1":2},"b":{"0":[1]}}
}
