TN:
SF:src\app\usecases\create-transaction.usecase.ts
FN:11,(anonymous_7)
FN:11,(anonymous_8)
FNF:2
FNH:2
FNDA:5,(anonymous_7)
FNDA:5,(anonymous_8)
DA:1,3
DA:2,3
DA:11,5
DA:12,5
DA:14,5
DA:15,5
DA:16,4
DA:18,3
DA:28,3
LF:9
LH:9
BRDA:15,0,0,1
BRDA:16,1,0,1
BRF:2
BRH:2
end_of_record
TN:
SF:src\app\usecases\get-products.usecase.ts
FN:4,(anonymous_7)
FN:4,(anonymous_8)
FNF:2
FNH:2
FNDA:1,(anonymous_7)
FNDA:1,(anonymous_8)
DA:1,1
DA:2,1
DA:4,1
DA:5,1
LF:4
LH:4
BRF:0
BRH:0
end_of_record
TN:
SF:src\app\usecases\update-transaction.usecase.ts
FN:4,(anonymous_7)
FN:4,(anonymous_8)
FNF:2
FNH:2
FNDA:2,(anonymous_7)
FNDA:2,(anonymous_8)
DA:1,1
DA:2,1
DA:4,2
DA:5,2
DA:13,1
DA:14,1
DA:22,1
LF:7
LH:7
BRDA:13,0,0,1
BRF:1
BRH:1
end_of_record
